2023-06-23 14:56:15,961 - INFO - Incoming request: ['this is a negative line', 'this is the positive line']
2023-06-23 14:56:18,579 - INFO - Sentiment analysis results: ['negative', 'positive']
2023-06-23 15:01:27,043 - INFO - Incoming request: ['this is a positive line', '']
2023-06-23 15:01:32,486 - INFO - Sentiment analysis results: ['positive', 'positive']
2023-06-23 15:06:37,103 - INFO - Incoming request: ['this is a positive line', '']
2023-06-23 15:06:38,822 - INFO - Sentiment analysis results: ['positive', 'positive']
2023-06-23 15:06:56,404 - INFO - Incoming request: ['this is a positive line', '']
2023-06-23 15:06:58,271 - INFO - Sentiment analysis results: ['positive', 'positive']
2023-06-23 15:07:50,370 - INFO - Incoming request: ['this is a positive line', '']
2023-06-23 15:07:53,391 - INFO - Sentiment analysis results: ['positive', 'positive']
2023-06-23 15:08:43,112 - INFO - Incoming request: ['this is a positive line', '']
2023-06-23 15:08:45,876 - ERROR - Text cannot be empty.
2023-06-23 15:09:23,547 - INFO - Incoming request: ['this is a positive line', '1']
2023-06-23 15:09:25,582 - INFO - Sentiment analysis results: ['positive', 'negative']
2023-06-23 15:09:45,496 - INFO - Incoming request: ['this is a positive line', '0']
2023-06-23 15:09:47,400 - INFO - Sentiment analysis results: ['positive', 'negative']
2023-06-23 15:12:12,489 - INFO - Incoming request: ['this is a positive line', '0']
2023-06-23 15:12:15,085 - ERROR - Text cannot be empty and sentences with words is expected
2023-06-23 15:12:57,939 - INFO - Incoming request: ['this is a positive line', 'this is a negative line']
2023-06-23 15:13:00,364 - ERROR - Text cannot be empty and sentences with words is expected
2023-06-23 15:13:27,672 - INFO - Incoming request: ['this is a positive line', 'this is a negative line']
2023-06-23 15:13:30,076 - ERROR - Text cannot be empty and sentences with words is expected
2023-06-23 15:15:25,239 - INFO - Incoming request: ['this is a positive line', 'this is a negative line']
2023-06-23 15:15:27,660 - INFO - Sentiment analysis results: ['positive', 'negative']
2023-06-23 15:15:37,863 - INFO - Incoming request: ['this is a positive line', 'this is a negative line']
2023-06-23 15:15:40,001 - INFO - Sentiment analysis results: ['positive', 'negative']
2023-06-23 15:16:00,276 - INFO - Incoming request: ['this is a positive line', '12']
2023-06-23 15:16:02,810 - INFO - Sentiment analysis results: ['positive', 'negative']
2023-06-23 20:01:05,377 - INFO - Incoming request: ['this is a positive line', '12']
2023-06-23 20:01:09,778 - INFO - Sentiment analysis results: ['positive', 'negative']
2023-06-23 20:02:40,552 - INFO - Incoming request: ['this is a positive line', '12']
2023-06-23 20:02:42,504 - INFO - Sentiment analysis results: ['positive', 'negative']
2023-06-23 20:03:15,292 - INFO - Incoming request: ['this is a positive line', '']
2023-06-23 20:03:17,870 - ERROR - Text cannot be empty and sentences with words is expected
